-------------------------------------------------------------------------------
Test set: com.demo.BaseTest
-------------------------------------------------------------------------------
Tests run: 1, Failures: 0, Errors: 1, Skipped: 0, Time elapsed: 0.058 s <<< FAILURE! - in com.demo.BaseTest
initializationError(com.demo.BaseTest)  Time elapsed: 0.004 s  <<< ERROR!
java.lang.Exception: No runnable methods

